<?xml version="1.0" encoding="UTF-8"?>
<!-- Generated by org.testng.reporters.JUnitReportReporter -->
<testsuite hostname="Apples-MacBook-Pro.local" failures="0" tests="3" name="PageObjectsModel.DemoWebShop.AmzTestNGApple" time="7.647" errors="0" timestamp="2024-05-14T09:32:31 IST" skipped="0">
  <testcase classname="PageObjectsModel.DemoWebShop.AmzTestNGApple" name="launchSite" time="1.877"/>
  <system-out/>
  <testcase classname="PageObjectsModel.DemoWebShop.AmzTestNGApple" name="searchAndAddiPad" time="2.234"/>
  <system-out/>
  <testcase classname="PageObjectsModel.DemoWebShop.AmzTestNGApple" name="searchAndAddiPhone" time="3.536"/>
  <system-out/>
</testsuite> <!-- PageObjectsModel.DemoWebShop.AmzTestNGApple -->
