<?xml version="1.0" encoding="UTF-8"?>
<!-- Generated by org.testng.reporters.JUnitReportReporter -->
<testsuite hostname="Apples-MacBook-Pro.local" failures="0" tests="2" name="demoPackage.AmzTestNGSamsung" time="3.754" errors="0" timestamp="2024-05-14T09:32:31 IST" skipped="0">
  <testcase classname="demoPackage.AmzTestNGSamsung" name="launchSite" time="1.970"/>
  <system-out/>
  <testcase classname="demoPackage.AmzTestNGSamsung" name="searchAndAddSamsungGalaxy" time="1.784"/>
  <system-out/>
</testsuite> <!-- demoPackage.AmzTestNGSamsung -->
